{"/Users/bluetram/Projects/practice/react-ts/src/App.tsx": {"path":"/Users/bluetram/Projects/practice/react-ts/src/App.tsx","statementMap":{"0":{"start":{"line":6,"column":12},"end":{"line":17,"column":1}},"1":{"start":{"line":7,"column":15},"end":{"line":9,"column":3}},"2":{"start":{"line":10,"column":2},"end":{"line":16,"column":4}}},"fnMap":{"0":{"name":"(anonymous_0)","decl":{"start":{"line":6,"column":12},"end":{"line":6,"column":13}},"loc":{"start":{"line":6,"column":31},"end":{"line":17,"column":1}},"line":6}},"branchMap":{},"s":{"0":1,"1":1,"2":1},"f":{"0":1},"b":{},"_coverageSchema":"1a1c01bbd47fc00a2c39e90264f33305004495a9","hash":"3d0e42ff12f2c943c554d5d47dbe2c8b7b5b26a7"}
,"/Users/bluetram/Projects/practice/react-ts/src/__mock__/axios.ts": {"path":"/Users/bluetram/Projects/practice/react-ts/src/__mock__/axios.ts","statementMap":{},"fnMap":{},"branchMap":{},"s":{},"f":{},"b":{}}
,"/Users/bluetram/Projects/practice/react-ts/src/common/types.ts": {"path":"/Users/bluetram/Projects/practice/react-ts/src/common/types.ts","statementMap":{},"fnMap":{},"branchMap":{},"s":{},"f":{},"b":{}}
,"/Users/bluetram/Projects/practice/react-ts/src/components/index.ts": {"path":"/Users/bluetram/Projects/practice/react-ts/src/components/index.ts","statementMap":{},"fnMap":{},"branchMap":{},"s":{},"f":{},"b":{},"_coverageSchema":"1a1c01bbd47fc00a2c39e90264f33305004495a9","hash":"900a7c27a342859b44f29b8c8e6bbb432c7f34bb"}
,"/Users/bluetram/Projects/practice/react-ts/src/components/cardFooter/CardFooter.tsx": {"path":"/Users/bluetram/Projects/practice/react-ts/src/components/cardFooter/CardFooter.tsx","statementMap":{"0":{"start":{"line":8,"column":19},"end":{"line":16,"column":1}},"1":{"start":{"line":9,"column":2},"end":{"line":15,"column":4}},"2":{"start":{"line":18,"column":0},"end":{"line":20,"column":2}}},"fnMap":{"0":{"name":"(anonymous_0)","decl":{"start":{"line":8,"column":19},"end":{"line":8,"column":20}},"loc":{"start":{"line":8,"column":78},"end":{"line":16,"column":1}},"line":8}},"branchMap":{},"s":{"0":3,"1":7,"2":3},"f":{"0":7},"b":{},"_coverageSchema":"1a1c01bbd47fc00a2c39e90264f33305004495a9","hash":"9492f5393dfc2c101571f170eefbfa701139ee21"}
,"/Users/bluetram/Projects/practice/react-ts/src/components/header/Header.tsx": {"path":"/Users/bluetram/Projects/practice/react-ts/src/components/header/Header.tsx","statementMap":{"0":{"start":{"line":13,"column":15},"end":{"line":41,"column":1}},"1":{"start":{"line":14,"column":27},"end":{"line":14,"column":50}},"2":{"start":{"line":15,"column":18},"end":{"line":15,"column":30}},"3":{"start":{"line":17,"column":17},"end":{"line":19,"column":3}},"4":{"start":{"line":18,"column":4},"end":{"line":18,"column":22}},"5":{"start":{"line":21,"column":2},"end":{"line":40,"column":4}}},"fnMap":{"0":{"name":"(anonymous_0)","decl":{"start":{"line":13,"column":15},"end":{"line":13,"column":16}},"loc":{"start":{"line":13,"column":34},"end":{"line":41,"column":1}},"line":13},"1":{"name":"(anonymous_1)","decl":{"start":{"line":17,"column":17},"end":{"line":17,"column":18}},"loc":{"start":{"line":17,"column":23},"end":{"line":19,"column":3}},"line":17}},"branchMap":{},"s":{"0":3,"1":6,"2":6,"3":6,"4":1,"5":6},"f":{"0":6,"1":1},"b":{},"_coverageSchema":"1a1c01bbd47fc00a2c39e90264f33305004495a9","hash":"37b6047854336b80055191fc8f134c8f10125b8b"}
,"/Users/bluetram/Projects/practice/react-ts/src/hook/useIcon.ts": {"path":"/Users/bluetram/Projects/practice/react-ts/src/hook/useIcon.ts","statementMap":{"0":{"start":{"line":3,"column":16},"end":{"line":11,"column":1}},"1":{"start":{"line":4,"column":26},"end":{"line":4,"column":46}},"2":{"start":{"line":6,"column":2},"end":{"line":8,"column":19}},"3":{"start":{"line":7,"column":4},"end":{"line":7,"column":29}},"4":{"start":{"line":7,"column":15},"end":{"line":7,"column":29}},"5":{"start":{"line":10,"column":2},"end":{"line":10,"column":14}}},"fnMap":{"0":{"name":"(anonymous_0)","decl":{"start":{"line":3,"column":16},"end":{"line":3,"column":17}},"loc":{"start":{"line":3,"column":42},"end":{"line":11,"column":1}},"line":3},"1":{"name":"(anonymous_1)","decl":{"start":{"line":6,"column":12},"end":{"line":6,"column":13}},"loc":{"start":{"line":6,"column":18},"end":{"line":8,"column":3}},"line":6}},"branchMap":{"0":{"loc":{"start":{"line":7,"column":4},"end":{"line":7,"column":29}},"type":"if","locations":[{"start":{"line":7,"column":4},"end":{"line":7,"column":29}},{"start":{"line":7,"column":4},"end":{"line":7,"column":29}}],"line":7}},"s":{"0":3,"1":6,"2":6,"3":6,"4":3,"5":6},"f":{"0":6,"1":6},"b":{"0":[3,3]},"_coverageSchema":"1a1c01bbd47fc00a2c39e90264f33305004495a9","hash":"9b52cd272f20baed80bed7a4db719b05715c1b53"}
,"/Users/bluetram/Projects/practice/react-ts/src/pages/home/Home.tsx": {"path":"/Users/bluetram/Projects/practice/react-ts/src/pages/home/Home.tsx","statementMap":{"0":{"start":{"line":24,"column":13},"end":{"line":91,"column":1}},"1":{"start":{"line":25,"column":18},"end":{"line":25,"column":30}},"2":{"start":{"line":27,"column":19},"end":{"line":29,"column":3}},"3":{"start":{"line":28,"column":4},"end":{"line":28,"column":50}},"4":{"start":{"line":30,"column":28},"end":{"line":30,"column":49}},"5":{"start":{"line":32,"column":2},"end":{"line":49,"column":9}},"6":{"start":{"line":33,"column":18},"end":{"line":33,"column":22}},"7":{"start":{"line":35,"column":21},"end":{"line":42,"column":5}},"8":{"start":{"line":36,"column":23},"end":{"line":38,"column":7}},"9":{"start":{"line":39,"column":6},"end":{"line":41,"column":7}},"10":{"start":{"line":40,"column":8},"end":{"line":40,"column":32}},"11":{"start":{"line":44,"column":4},"end":{"line":44,"column":15}},"12":{"start":{"line":46,"column":4},"end":{"line":48,"column":6}},"13":{"start":{"line":47,"column":6},"end":{"line":47,"column":22}},"14":{"start":{"line":51,"column":25},"end":{"line":51,"column":70}},"15":{"start":{"line":53,"column":2},"end":{"line":90,"column":4}},"16":{"start":{"line":68,"column":14},"end":{"line":80,"column":28}},"17":{"start":{"line":75,"column":37},"end":{"line":75,"column":54}}},"fnMap":{"0":{"name":"(anonymous_0)","decl":{"start":{"line":24,"column":13},"end":{"line":24,"column":14}},"loc":{"start":{"line":24,"column":32},"end":{"line":91,"column":1}},"line":24},"1":{"name":"(anonymous_1)","decl":{"start":{"line":27,"column":19},"end":{"line":27,"column":20}},"loc":{"start":{"line":27,"column":39},"end":{"line":29,"column":3}},"line":27},"2":{"name":"(anonymous_2)","decl":{"start":{"line":32,"column":12},"end":{"line":32,"column":13}},"loc":{"start":{"line":32,"column":18},"end":{"line":49,"column":3}},"line":32},"3":{"name":"(anonymous_3)","decl":{"start":{"line":35,"column":21},"end":{"line":35,"column":22}},"loc":{"start":{"line":35,"column":33},"end":{"line":42,"column":5}},"line":35},"4":{"name":"(anonymous_4)","decl":{"start":{"line":46,"column":11},"end":{"line":46,"column":12}},"loc":{"start":{"line":46,"column":17},"end":{"line":48,"column":5}},"line":46},"5":{"name":"(anonymous_5)","decl":{"start":{"line":67,"column":23},"end":{"line":67,"column":24}},"loc":{"start":{"line":68,"column":14},"end":{"line":80,"column":28}},"line":68},"6":{"name":"(anonymous_6)","decl":{"start":{"line":75,"column":31},"end":{"line":75,"column":32}},"loc":{"start":{"line":75,"column":37},"end":{"line":75,"column":54}},"line":75}},"branchMap":{"0":{"loc":{"start":{"line":39,"column":6},"end":{"line":41,"column":7}},"type":"if","locations":[{"start":{"line":39,"column":6},"end":{"line":41,"column":7}},{"start":{"line":39,"column":6},"end":{"line":41,"column":7}}],"line":39},"1":{"loc":{"start":{"line":39,"column":10},"end":{"line":39,"column":29}},"type":"binary-expr","locations":[{"start":{"line":39,"column":10},"end":{"line":39,"column":17}},{"start":{"line":39,"column":21},"end":{"line":39,"column":29}}],"line":39},"2":{"loc":{"start":{"line":65,"column":9},"end":{"line":87,"column":9}},"type":"cond-expr","locations":[{"start":{"line":66,"column":10},"end":{"line":82,"column":24}},{"start":{"line":84,"column":10},"end":{"line":86,"column":16}}],"line":65}},"s":{"0":2,"1":8,"2":8,"3":2,"4":8,"5":8,"6":5,"7":5,"8":5,"9":4,"10":3,"11":5,"12":5,"13":5,"14":8,"15":8,"16":6,"17":2},"f":{"0":8,"1":2,"2":5,"3":5,"4":5,"5":6,"6":2},"b":{"0":[3,1],"1":[4,4],"2":[3,5]},"_coverageSchema":"1a1c01bbd47fc00a2c39e90264f33305004495a9","hash":"7365ea678d9acc6aa3e190a10958b76e11c696ee"}
,"/Users/bluetram/Projects/practice/react-ts/src/pages/locationDetail/LocationDetail.tsx": {"path":"/Users/bluetram/Projects/practice/react-ts/src/pages/locationDetail/LocationDetail.tsx","statementMap":{"0":{"start":{"line":15,"column":23},"end":{"line":70,"column":1}},"1":{"start":{"line":16,"column":21},"end":{"line":16,"column":52}},"2":{"start":{"line":17,"column":42},"end":{"line":17,"column":59}},"3":{"start":{"line":19,"column":2},"end":{"line":37,"column":15}},"4":{"start":{"line":20,"column":18},"end":{"line":20,"column":22}},"5":{"start":{"line":21,"column":4},"end":{"line":32,"column":5}},"6":{"start":{"line":22,"column":22},"end":{"line":29,"column":7}},"7":{"start":{"line":23,"column":25},"end":{"line":25,"column":9}},"8":{"start":{"line":26,"column":8},"end":{"line":28,"column":9}},"9":{"start":{"line":27,"column":10},"end":{"line":27,"column":41}},"10":{"start":{"line":31,"column":6},"end":{"line":31,"column":16}},"11":{"start":{"line":34,"column":4},"end":{"line":36,"column":6}},"12":{"start":{"line":35,"column":6},"end":{"line":35,"column":22}},"13":{"start":{"line":39,"column":2},"end":{"line":69,"column":4}}},"fnMap":{"0":{"name":"(anonymous_0)","decl":{"start":{"line":15,"column":23},"end":{"line":15,"column":24}},"loc":{"start":{"line":15,"column":42},"end":{"line":70,"column":1}},"line":15},"1":{"name":"(anonymous_1)","decl":{"start":{"line":19,"column":12},"end":{"line":19,"column":13}},"loc":{"start":{"line":19,"column":18},"end":{"line":37,"column":3}},"line":19},"2":{"name":"(anonymous_2)","decl":{"start":{"line":22,"column":22},"end":{"line":22,"column":23}},"loc":{"start":{"line":22,"column":34},"end":{"line":29,"column":7}},"line":22},"3":{"name":"(anonymous_3)","decl":{"start":{"line":34,"column":11},"end":{"line":34,"column":12}},"loc":{"start":{"line":34,"column":17},"end":{"line":36,"column":5}},"line":34}},"branchMap":{"0":{"loc":{"start":{"line":21,"column":4},"end":{"line":32,"column":5}},"type":"if","locations":[{"start":{"line":21,"column":4},"end":{"line":32,"column":5}},{"start":{"line":21,"column":4},"end":{"line":32,"column":5}}],"line":21},"1":{"loc":{"start":{"line":26,"column":8},"end":{"line":28,"column":9}},"type":"if","locations":[{"start":{"line":26,"column":8},"end":{"line":28,"column":9}},{"start":{"line":26,"column":8},"end":{"line":28,"column":9}}],"line":26},"2":{"loc":{"start":{"line":26,"column":12},"end":{"line":26,"column":31}},"type":"binary-expr","locations":[{"start":{"line":26,"column":12},"end":{"line":26,"column":19}},{"start":{"line":26,"column":23},"end":{"line":26,"column":31}}],"line":26},"3":{"loc":{"start":{"line":55,"column":13},"end":{"line":64,"column":13}},"type":"cond-expr","locations":[{"start":{"line":56,"column":14},"end":{"line":59,"column":16}},{"start":{"line":61,"column":14},"end":{"line":63,"column":20}}],"line":55}},"s":{"0":2,"1":2,"2":2,"3":2,"4":2,"5":2,"6":2,"7":2,"8":2,"9":1,"10":2,"11":2,"12":2,"13":2},"f":{"0":2,"1":2,"2":2,"3":2},"b":{"0":[2,0],"1":[1,1],"2":[2,2],"3":[0,2]},"_coverageSchema":"1a1c01bbd47fc00a2c39e90264f33305004495a9","hash":"0dc021f7038fd139c335c81977a327ed1527655e"}
,"/Users/bluetram/Projects/practice/react-ts/src/pages/notFound/NotFound.tsx": {"path":"/Users/bluetram/Projects/practice/react-ts/src/pages/notFound/NotFound.tsx","statementMap":{"0":{"start":{"line":2,"column":17},"end":{"line":8,"column":1}},"1":{"start":{"line":3,"column":2},"end":{"line":7,"column":4}}},"fnMap":{"0":{"name":"(anonymous_0)","decl":{"start":{"line":2,"column":17},"end":{"line":2,"column":18}},"loc":{"start":{"line":2,"column":36},"end":{"line":8,"column":1}},"line":2}},"branchMap":{},"s":{"0":2,"1":2},"f":{"0":2},"b":{},"_coverageSchema":"1a1c01bbd47fc00a2c39e90264f33305004495a9","hash":"623ec8f93202d80cfd5ce58ff20c44297db4a138"}
,"/Users/bluetram/Projects/practice/react-ts/src/routes/index.tsx": {"path":"/Users/bluetram/Projects/practice/react-ts/src/routes/index.tsx","statementMap":{"0":{"start":{"line":7,"column":15},"end":{"line":25,"column":1}},"1":{"start":{"line":8,"column":2},"end":{"line":24,"column":4}},"2":{"start":{"line":13,"column":10},"end":{"line":20,"column":12}}},"fnMap":{"0":{"name":"(anonymous_0)","decl":{"start":{"line":7,"column":15},"end":{"line":7,"column":16}},"loc":{"start":{"line":7,"column":35},"end":{"line":25,"column":1}},"line":7},"1":{"name":"(anonymous_1)","decl":{"start":{"line":12,"column":20},"end":{"line":12,"column":21}},"loc":{"start":{"line":12,"column":42},"end":{"line":21,"column":9}},"line":12}},"branchMap":{},"s":{"0":1,"1":1,"2":4},"f":{"0":1,"1":4},"b":{},"_coverageSchema":"1a1c01bbd47fc00a2c39e90264f33305004495a9","hash":"7b2e2c710ed42ca14d5be14a48fbcc6fa174190e"}
,"/Users/bluetram/Projects/practice/react-ts/src/routes/routes-enum.ts": {"path":"/Users/bluetram/Projects/practice/react-ts/src/routes/routes-enum.ts","statementMap":{},"fnMap":{},"branchMap":{},"s":{},"f":{},"b":{},"_coverageSchema":"1a1c01bbd47fc00a2c39e90264f33305004495a9","hash":"8cf3d8525661ad6cc0ce04d4f1e2597645fc9365"}
,"/Users/bluetram/Projects/practice/react-ts/src/routes/routes.ts": {"path":"/Users/bluetram/Projects/practice/react-ts/src/routes/routes.ts","statementMap":{"0":{"start":{"line":7,"column":40},"end":{"line":40,"column":1}}},"fnMap":{},"branchMap":{},"s":{"0":1},"f":{},"b":{},"_coverageSchema":"1a1c01bbd47fc00a2c39e90264f33305004495a9","hash":"bc41bb7e28dbc14803540a73e81d8cee1a1a0ff6"}
,"/Users/bluetram/Projects/practice/react-ts/src/routes/type.ts": {"path":"/Users/bluetram/Projects/practice/react-ts/src/routes/type.ts","statementMap":{},"fnMap":{},"branchMap":{},"s":{},"f":{},"b":{}}
,"/Users/bluetram/Projects/practice/react-ts/src/translate/vn.ts": {"path":"/Users/bluetram/Projects/practice/react-ts/src/translate/vn.ts","statementMap":{"0":{"start":{"line":1,"column":11},"end":{"line":6,"column":1}}},"fnMap":{},"branchMap":{},"s":{"0":1},"f":{},"b":{},"_coverageSchema":"1a1c01bbd47fc00a2c39e90264f33305004495a9","hash":"8c1576ebf95591839027a98c29bfb43027a300cb"}
,"/Users/bluetram/Projects/practice/react-ts/src/utils/constants.ts": {"path":"/Users/bluetram/Projects/practice/react-ts/src/utils/constants.ts","statementMap":{},"fnMap":{},"branchMap":{},"s":{},"f":{},"b":{}}
}
